#
# A fatal error has been detected by the Java Runtime Environment:
#
#  SIGFPE (0x8) at pc=0x00007f227755e98b, pid=31247, tid=0x00007f227836d700
#
# JRE version: OpenJDK Runtime Environment (8.0_181-b13) (build 1.8.0_181-8u181-b13-0ubuntu0.16.04.1-b13)
# Java VM: OpenJDK 64-Bit Server VM (25.181-b13 mixed mode linux-amd64 compressed oops)
# Problematic frame:
# C  [libpthread.so.0+0x898b]  pthread_join+0xbb
#
# Failed to write core dump. Core dumps have been disabled. To enable core dumping, try "ulimit -c unlimited" before starting Java again
#
# If you would like to submit a bug report, please visit:
#   http://bugreport.java.com/bugreport/crash.jsp
#

---------------  T H R E A D  ---------------

Current thread is native thread

siginfo: si_signo: 8 (SIGFPE), si_code: 0 (SI_USER), sent from pid: 4181 (uid: 1000)

Registers:
RAX=0x00000000000000ca, RBX=0x00007f227836b700, RCX=0x00007f227755e98d, RDX=0x0000000000007a17
RSP=0x00007fff8d0555c0, RBP=0x00007fff8d055638, RSI=0x0000000000000000, RDI=0x00007f227836b9d0
R8 =0x00000000000000ca, R9 =0x00007f227836b9d0, R10=0x0000000000000000, R11=0x0000000000000246
R12=0x00007fff8d0555d0, R13=0x0000000000000000, R14=0x00007f227836d700, R15=0x00007f227836bd28
RIP=0x00007f227755e98b, EFLAGS=0x0000000000000246, CSGSFS=0x002b000000000033, ERR=0x0000000000000004
  TRAPNO=0x000000000000000e

Top of Stack: (sp=0x00007fff8d0555c0)
0x00007fff8d0555c0:   0000000000000000 0000000000000000
0x00007fff8d0555d0:   00007f227755e8b0 00007f227836bd28
0x00007fff8d0555e0:   0000000000000000 0000000000000000
0x00007fff8d0555f0:   00007f227836b700 00007fff8d055650
0x00007fff8d055600:   00007fff8d0556b0 00007f2277f5dea0
0x00007fff8d055610:   00007fff8d0556e0 0000000000100000
0x00007fff8d055620:   0000000000000001 00007f2277f6356d
0x00007fff8d055630:   00007f227836b700 00007f2277f54960
0x00007fff8d055640:   00007f2277f5dea0 00007fff8d0556e0
0x00007fff8d055650:   0000000000000000 0000000000000000
0x00007fff8d055660:   0000000000001000 0000000000000000
0x00007fff8d055670:   0000000000100000 0000000000000000
0x00007fff8d055680:   0000000000000000 5c854e327bee7400
0x00007fff8d055690:   0000000000000000 00007fff8d0557e0
0x00007fff8d0556a0:   00007fff8d0556e0 0000000001ba0158
0x00007fff8d0556b0:   00007fff8d055770 00007f2277f5fa44
0x00007fff8d0556c0:   0000000000000001 00007fff8d05d6cb
0x00007fff8d0556d0:   0000000100000001 0000000000000000
0x00007fff8d0556e0:   0000000000000001 0000000001ba0158
0x00007fff8d0556f0:   0000000000000001 00007fff8d05d6cb
0x00007fff8d055700:   00007f2276c99a20 00007f2276c999d0
0x00007fff8d055710:   00007f2276c99c90 0000000000000000
0x00007fff8d055720:   0000000000000000 0000000000000000
0x00007fff8d055730:   0000000000000000 0000000000000000
0x00007fff8d055740:   00007fff8d055780 5c854e327bee7400
0x00007fff8d055750:   00007fff8d05d6cb 0000000001ba0158
0x00007fff8d055760:   0000000000000001 0000000000000000
0x00007fff8d055770:   00007fff8d059870 00007f2277f605f0
0x00007fff8d055780:   0000000000000000 00007f2277f605c4
0x00007fff8d055790:   0000000001ba0010 0000000000000000
0x00007fff8d0557a0:   0000000000000000 0000000000000000
0x00007fff8d0557b0:   0000000000000000 0000000000000000 

Instructions: (pc=0x00007f227755e98b)
0x00007f227755e96b:   4c 8d 8b d0 02 00 00 41 b8 ca 00 00 00 0f 1f 84
0x00007f227755e97b:   00 00 00 00 00 45 31 d2 31 f6 4c 89 cf 44 89 c0
0x00007f227755e98b:   0f 05 48 63 93 d0 02 00 00 85 d2 75 e8 44 89 ef
0x00007f227755e99b:   e8 20 78 00 00 31 f6 4c 89 e7 e8 06 74 00 00 48 

Register to memory mapping:

RAX=0x00000000000000ca is an unknown value
RBX=0x00007f227836b700 is pointing into the stack for thread: 0x00007f2270010000
RCX=0x00007f227755e98d: pthread_join+0xbd in /lib/x86_64-linux-gnu/libpthread.so.0 at 0x00007f2277556000
RDX=0x0000000000007a17 is an unknown value
RSP=0x00007fff8d0555c0 is an unknown value
RBP=0x00007fff8d055638 is an unknown value
RSI=0x0000000000000000 is an unknown value
RDI=0x00007f227836b9d0 is pointing into the stack for thread: 0x00007f2270010000
R8 =0x00000000000000ca is an unknown value
R9 =0x00007f227836b9d0 is pointing into the stack for thread: 0x00007f2270010000
R10=0x0000000000000000 is an unknown value
R11=0x0000000000000246 is an unknown value
R12=0x00007fff8d0555d0 is an unknown value
R13=0x0000000000000000 is an unknown value
R14=0x00007f227836d700 is an unknown value
R15=0x00007f227836bd28 is pointing into the stack for thread: 0x00007f2270010000


Stack: [0x00007fff8cf5e000,0x00007fff8d05e000],  sp=0x00007fff8d0555c0,  free space=989k
Native frames: (J=compiled Java code, j=interpreted, Vv=VM code, C=native code)
C  [libpthread.so.0+0x898b]  pthread_join+0xbb


---------------  P R O C E S S  ---------------

VM state:at safepoint (normal execution)

VM Mutex/Monitor currently owned by a thread:  ([mutex/lock_event])
[0x00007f227000c600] Threads_lock - owner thread: 0x00007f227007d800
[0x00007f227000cb00] Heap_lock - owner thread: 0x00007f21e02ba800

Heap:
 PSYoungGen      total 307712K, used 302326K [0x00000000ec100000, 0x00000000fff80000, 0x0000000100000000)
  eden space 290304K, 100% used [0x00000000ec100000,0x00000000fdc80000,0x00000000fdc80000)
  from space 17408K, 69% used [0x00000000fee80000,0x00000000ffa3dab0,0x00000000fff80000)
  to   space 17920K, 38% used [0x00000000fdc80000,0x00000000fe3315f0,0x00000000fee00000)
 ParOldGen       total 77312K, used 38030K [0x00000000c4200000, 0x00000000c8d80000, 0x00000000ec100000)
  object space 77312K, 49% used [0x00000000c4200000,0x00000000c6723810,0x00000000c8d80000)
 Metaspace       used 69447K, capacity 75322K, committed 75648K, reserved 1114112K
  class space    used 9078K, capacity 10017K, committed 10112K, reserved 1048576K

Card table byte_map: [0x00007f227473a000,0x00007f227491a000] byte_map_base: 0x00007f2274119000

Marking Bits: (ParMarkBitMap*) 0x00007f22775393a0
 Begin Bits: [0x00007f225a210000, 0x00007f225b108000)
 End Bits:   [0x00007f225b108000, 0x00007f225c000000)

Polling page: 0x00007f227838d000

CodeCache: size=245760Kb used=23110Kb max_used=23110Kb free=222650Kb
 bounds [0x00007f2261000000, 0x00007f22626a0000, 0x00007f2270000000]
 total_blobs=12805 nmethods=12246 adapters=472
 compilation: enabled

Compilation events (10 events):
Event: 2857,276 Thread 0x00007f22700c2000 12409       1       java.net.Inet4Address::<init> (29 bytes)
Event: 2857,306 Thread 0x00007f22700c2000 nmethod 12409 0x00007f2262693210 code [0x00007f2262693360, 0x00007f2262693510]
Event: 2876,299 Thread 0x00007f22700c2000 12410       1       org.springframework.context.event.ApplicationContextEvent::getApplicationContext (8 bytes)
Event: 2876,372 Thread 0x00007f22700c2000 nmethod 12410 0x00007f22626935d0 code [0x00007f2262693720, 0x00007f2262693870]
Event: 2880,091 Thread 0x00007f22700c2000 12411   !   1       org.hibernate.validator.internal.util.ConcurrentReferenceHashMap$Segment::clear (75 bytes)
Event: 2880,296 Thread 0x00007f22700c2000 nmethod 12411 0x00007f2262693910 code [0x00007f2262693aa0, 0x00007f2262693da8]
Event: 2881,586 Thread 0x00007f22700c2000 12412       1       org.springframework.web.filter.GenericFilterBean::destroy (1 bytes)
Event: 2881,615 Thread 0x00007f22700c2000 nmethod 12412 0x00007f2262694010 code [0x00007f2262694160, 0x00007f2262694270]
Event: 2890,079 Thread 0x00007f22700c2000 12413       1       org.apache.catalina.core.StandardContext::isUseNaming (5 bytes)
Event: 2890,080 Thread 0x00007f22700c2000 nmethod 12413 0x00007f22626942d0 code [0x00007f2262694420, 0x00007f2262694530]

GC Heap History (10 events):
Event: 1765,896 GC heap after
Heap after GC invocations=58 (full 17):
 PSYoungGen      total 308736K, used 0K [0x00000000ec100000, 0x00000000fff80000, 0x0000000100000000)
  eden space 291328K, 0% used [0x00000000ec100000,0x00000000ec100000,0x00000000fdd80000)
  from space 17408K, 0% used [0x00000000fdd80000,0x00000000fdd80000,0x00000000fee80000)
  to   space 17408K, 0% used [0x00000000fee80000,0x00000000fee80000,0x00000000fff80000)
 ParOldGen       total 77312K, used 36740K [0x00000000c4200000, 0x00000000c8d80000, 0x00000000ec100000)
  object space 77312K, 47% used [0x00000000c4200000,0x00000000c65e12d0,0x00000000c8d80000)
 Metaspace       used 66549K, capacity 70606K, committed 70784K, reserved 1110016K
  class space    used 8673K, capacity 9318K, committed 9344K, reserved 1048576K
}
Event: 1780,531 GC heap before
{Heap before GC invocations=59 (full 17):
 PSYoungGen      total 308736K, used 291328K [0x00000000ec100000, 0x00000000fff80000, 0x0000000100000000)
  eden space 291328K, 100% used [0x00000000ec100000,0x00000000fdd80000,0x00000000fdd80000)
  from space 17408K, 0% used [0x00000000fdd80000,0x00000000fdd80000,0x00000000fee80000)
  to   space 17408K, 0% used [0x00000000fee80000,0x00000000fee80000,0x00000000fff80000)
 ParOldGen       total 77312K, used 36740K [0x00000000c4200000, 0x00000000c8d80000, 0x00000000ec100000)
  object space 77312K, 47% used [0x00000000c4200000,0x00000000c65e12d0,0x00000000c8d80000)
 Metaspace       used 67104K, capacity 71254K, committed 71424K, reserved 1112064K
  class space    used 8722K, capacity 9382K, committed 9472K, reserved 1048576K
Event: 1780,595 GC heap after
Heap after GC invocations=59 (full 17):
 PSYoungGen      total 307200K, used 12896K [0x00000000ec100000, 0x0000000100000000, 0x0000000100000000)
  eden space 289792K, 0% used [0x00000000ec100000,0x00000000ec100000,0x00000000fdc00000)
  from space 17408K, 74% used [0x00000000fee80000,0x00000000ffb18220,0x00000000fff80000)
  to   space 18432K, 0% used [0x00000000fdc00000,0x00000000fdc00000,0x00000000fee00000)
 ParOldGen       total 77312K, used 36748K [0x00000000c4200000, 0x00000000c8d80000, 0x00000000ec100000)
  object space 77312K, 47% used [0x00000000c4200000,0x00000000c65e32d0,0x00000000c8d80000)
 Metaspace       used 67104K, capacity 71254K, committed 71424K, reserved 1112064K
  class space    used 8722K, capacity 9382K, committed 9472K, reserved 1048576K
}
Event: 1889,783 GC heap before
{Heap before GC invocations=60 (full 17):
 PSYoungGen      total 307200K, used 51476K [0x00000000ec100000, 0x0000000100000000, 0x0000000100000000)
  eden space 289792K, 13% used [0x00000000ec100000,0x00000000ee6acf08,0x00000000fdc00000)
  from space 17408K, 74% used [0x00000000fee80000,0x00000000ffb18220,0x00000000fff80000)
  to   space 18432K, 0% used [0x00000000fdc00000,0x00000000fdc00000,0x00000000fee00000)
 ParOldGen       total 77312K, used 36748K [0x00000000c4200000, 0x00000000c8d80000, 0x00000000ec100000)
  object space 77312K, 47% used [0x00000000c4200000,0x00000000c65e32d0,0x00000000c8d80000)
 Metaspace       used 67110K, capacity 71260K, committed 71424K, reserved 1112064K
  class space    used 8722K, capacity 9384K, committed 9472K, reserved 1048576K
Event: 1889,802 GC heap after
Heap after GC invocations=60 (full 17):
 PSYoungGen      total 308224K, used 6581K [0x00000000ec100000, 0x0000000100000000, 0x0000000100000000)
  eden space 289792K, 0% used [0x00000000ec100000,0x00000000ec100000,0x00000000fdc00000)
  from space 18432K, 35% used [0x00000000fdc00000,0x00000000fe26d5d0,0x00000000fee00000)
  to   space 17920K, 0% used [0x00000000fee80000,0x00000000fee80000,0x0000000100000000)
 ParOldGen       total 77312K, used 36756K [0x00000000c4200000, 0x00000000c8d80000, 0x00000000ec100000)
  object space 77312K, 47% used [0x00000000c4200000,0x00000000c65e52d0,0x00000000c8d80000)
 Metaspace       used 67110K, capacity 71260K, committed 71424K, reserved 1112064K
  class space    used 8722K, capacity 9384K, committed 9472K, reserved 1048576K
}
Event: 1889,802 GC heap before
{Heap before GC invocations=61 (full 18):
 PSYoungGen      total 308224K, used 6581K [0x00000000ec100000, 0x0000000100000000, 0x0000000100000000)
  eden space 289792K, 0% used [0x00000000ec100000,0x00000000ec100000,0x00000000fdc00000)
  from space 18432K, 35% used [0x00000000fdc00000,0x00000000fe26d5d0,0x00000000fee00000)
  to   space 17920K, 0% used [0x00000000fee80000,0x00000000fee80000,0x0000000100000000)
 ParOldGen       total 77312K, used 36756K [0x00000000c4200000, 0x00000000c8d80000, 0x00000000ec100000)
  object space 77312K, 47% used [0x00000000c4200000,0x00000000c65e52d0,0x00000000c8d80000)
 Metaspace       used 67110K, capacity 71260K, committed 71424K, reserved 1112064K
  class space    used 8722K, capacity 9384K, committed 9472K, reserved 1048576K
Event: 1890,420 GC heap after
Heap after GC invocations=61 (full 18):
 PSYoungGen      total 308224K, used 0K [0x00000000ec100000, 0x0000000100000000, 0x0000000100000000)
  eden space 289792K, 0% used [0x00000000ec100000,0x00000000ec100000,0x00000000fdc00000)
  from space 18432K, 0% used [0x00000000fdc00000,0x00000000fdc00000,0x00000000fee00000)
  to   space 17920K, 0% used [0x00000000fee80000,0x00000000fee80000,0x0000000100000000)
 ParOldGen       total 77312K, used 38022K [0x00000000c4200000, 0x00000000c8d80000, 0x00000000ec100000)
  object space 77312K, 49% used [0x00000000c4200000,0x00000000c6721810,0x00000000c8d80000)
 Metaspace       used 67074K, capacity 71200K, committed 71424K, reserved 1112064K
  class space    used 8717K, capacity 9373K, committed 9472K, reserved 1048576K
}
Event: 1897,707 GC heap before
{Heap before GC invocations=62 (full 18):
 PSYoungGen      total 308224K, used 289792K [0x00000000ec100000, 0x0000000100000000, 0x0000000100000000)
  eden space 289792K, 100% used [0x00000000ec100000,0x00000000fdc00000,0x00000000fdc00000)
  from space 18432K, 0% used [0x00000000fdc00000,0x00000000fdc00000,0x00000000fee00000)
  to   space 17920K, 0% used [0x00000000fee80000,0x00000000fee80000,0x0000000100000000)
 ParOldGen       total 77312K, used 38022K [0x00000000c4200000, 0x00000000c8d80000, 0x00000000ec100000)
  object space 77312K, 49% used [0x00000000c4200000,0x00000000c6721810,0x00000000c8d80000)
 Metaspace       used 69396K, capacity 75268K, committed 75392K, reserved 1114112K
  class space    used 9072K, capacity 10007K, committed 10112K, reserved 1048576K
Event: 1897,739 GC heap after
Heap after GC invocations=62 (full 18):
 PSYoungGen      total 307712K, used 12022K [0x00000000ec100000, 0x00000000fff80000, 0x0000000100000000)
  eden space 290304K, 0% used [0x00000000ec100000,0x00000000ec100000,0x00000000fdc80000)
  from space 17408K, 69% used [0x00000000fee80000,0x00000000ffa3dab0,0x00000000fff80000)
  to   space 17920K, 0% used [0x00000000fdc80000,0x00000000fdc80000,0x00000000fee00000)
 ParOldGen       total 77312K, used 38030K [0x00000000c4200000, 0x00000000c8d80000, 0x00000000ec100000)
  object space 77312K, 49% used [0x00000000c4200000,0x00000000c6723810,0x00000000c8d80000)
 Metaspace       used 69396K, capacity 75268K, committed 75392K, reserved 1114112K
  class space    used 9072K, capacity 10007K, committed 10112K, reserved 1048576K
}
Event: 2890,831 GC heap before
{Heap before GC invocations=63 (full 18):
 PSYoungGen      total 307712K, used 302326K [0x00000000ec100000, 0x00000000fff80000, 0x0000000100000000)
  eden space 290304K, 100% used [0x00000000ec100000,0x00000000fdc80000,0x00000000fdc80000)
  from space 17408K, 69% used [0x00000000fee80000,0x00000000ffa3dab0,0x00000000fff80000)
  to   space 17920K, 0% used [0x00000000fdc80000,0x00000000fdc80000,0x00000000fee00000)
 ParOldGen       total 77312K, used 38030K [0x00000000c4200000, 0x00000000c8d80000, 0x00000000ec100000)
  object space 77312K, 49% used [0x00000000c4200000,0x00000000c6723810,0x00000000c8d80000)
 Metaspace       used 69447K, capacity 75322K, committed 75648K, reserved 1114112K
  class space    used 9078K, capacity 10017K, committed 10112K, reserved 1048576K

Deoptimization events (0 events):
No events

Classes redefined (0 events):
No events

Internal exceptions (10 events):
Event: 1895,292 Thread 0x00007f21f0004000 Exception <a 'java/lang/ArrayIndexOutOfBoundsException'> (0x00000000fd267d28) thrown at [/build/openjdk-8-pREaNj/openjdk-8-8u181-b13/src/hotspot/src/share/vm/runtime/sharedRuntime.cpp, line 605]
Event: 1895,293 Thread 0x00007f21f0004000 Exception <a 'java/lang/ArrayIndexOutOfBoundsException'> (0x00000000fd270058) thrown at [/build/openjdk-8-pREaNj/openjdk-8-8u181-b13/src/hotspot/src/share/vm/runtime/sharedRuntime.cpp, line 605]
Event: 1895,293 Thread 0x00007f21f0004000 Exception <a 'java/lang/ArrayIndexOutOfBoundsException'> (0x00000000fd271918) thrown at [/build/openjdk-8-pREaNj/openjdk-8-8u181-b13/src/hotspot/src/share/vm/runtime/sharedRuntime.cpp, line 605]
Event: 1895,295 Thread 0x00007f21f0004000 Exception <a 'java/lang/ArrayIndexOutOfBoundsException'> (0x00000000fd27b018) thrown at [/build/openjdk-8-pREaNj/openjdk-8-8u181-b13/src/hotspot/src/share/vm/runtime/sharedRuntime.cpp, line 605]
Event: 1895,295 Thread 0x00007f21f0004000 Exception <a 'java/lang/ArrayIndexOutOfBoundsException'> (0x00000000fd27c8d8) thrown at [/build/openjdk-8-pREaNj/openjdk-8-8u181-b13/src/hotspot/src/share/vm/runtime/sharedRuntime.cpp, line 605]
Event: 1895,296 Thread 0x00007f21f0004000 Exception <a 'java/lang/ArrayIndexOutOfBoundsException'> (0x00000000fd284db8) thrown at [/build/openjdk-8-pREaNj/openjdk-8-8u181-b13/src/hotspot/src/share/vm/runtime/sharedRuntime.cpp, line 605]
Event: 1895,297 Thread 0x00007f21f0004000 Exception <a 'java/lang/ArrayIndexOutOfBoundsException'> (0x00000000fd286678) thrown at [/build/openjdk-8-pREaNj/openjdk-8-8u181-b13/src/hotspot/src/share/vm/runtime/sharedRuntime.cpp, line 605]
Event: 2377,096 Thread 0x00007f2228006800 Exception <a 'java/lang/NoSuchMethodError': <clinit>> (0x00000000f4eec430) thrown at [/build/openjdk-8-pREaNj/openjdk-8-8u181-b13/src/hotspot/src/share/vm/prims/jni.cpp, line 1613]
Event: 2884,570 Thread 0x00007f21e0076000 Exception <a 'java/lang/InterruptedException': sleep interrupted> (0x00000000ec8fd150) thrown at [/build/openjdk-8-pREaNj/openjdk-8-8u181-b13/src/hotspot/src/share/vm/prims/jvm.cpp, line 3273]
Event: 2886,427 Thread 0x00007f21dc018000 Exception <a 'java/lang/NoSuchMethodError': <clinit>> (0x00000000fdbb0778) thrown at [/build/openjdk-8-pREaNj/openjdk-8-8u181-b13/src/hotspot/src/share/vm/prims/jni.cpp, line 1613]

Events (10 events):
Event: 2890,069 Executing VM operation: RevokeBias done
Event: 2890,150 Executing VM operation: RevokeBias
Event: 2890,163 Executing VM operation: RevokeBias done
Event: 2890,409 Executing VM operation: RevokeBias
Event: 2890,421 Executing VM operation: RevokeBias done
Event: 2890,489 Thread 0x00007f21e02f0800 Thread exited: 0x00007f21e02f0800
Event: 2890,566 Thread 0x00007f21e02ef000 Thread exited: 0x00007f21e02ef000
Event: 2890,599 Thread 0x00007f21e02d4800 Thread exited: 0x00007f21e02d4800
Event: 2890,699 Thread 0x00007f21e02f1800 Thread exited: 0x00007f21e02f1800
Event: 2890,716 Executing VM operation: ParallelGCFailedAllocation


Dynamic libraries:
00400000-00401000 r-xp 00000000 08:06 11808954                           /usr/lib/jvm/java-8-openjdk-amd64/jre/bin/java
00600000-00601000 r--p 00000000 08:06 11808954                           /usr/lib/jvm/java-8-openjdk-amd64/jre/bin/java
00601000-00602000 rw-p 00001000 08:06 11808954                           /usr/lib/jvm/java-8-openjdk-amd64/jre/bin/java
01ba0000-01c89000 rw-p 00000000 00:00 0                                  [heap]
c4200000-c8d80000 rw-p 00000000 00:00 0 
c8d80000-ec100000 ---p 00000000 00:00 0 
ec100000-fff80000 rw-p 00000000 00:00 0 
fff80000-100000000 ---p 00000000 00:00 0 
100000000-1009e0000 rw-p 00000000 00:00 0 
1009e0000-140000000 ---p 00000000 00:00 0 
7f21db200000-7f21db400000 rw-p 00000000 00:00 0 
7f21db400000-7f21db600000 rw-p 00000000 00:00 0 
7f21db600000-7f21db800000 rw-p 00000000 00:00 0 
7f21db800000-7f21dba00000 rw-p 00000000 00:00 0 
7f21dba00000-7f21dbc00000 rw-p 00000000 00:00 0 
7f21dbc00000-7f21dbe00000 rw-p 00000000 00:00 0 
7f21dbe00000-7f21dc000000 rw-p 00000000 00:00 0 
7f21dc000000-7f21dc088000 rw-p 00000000 00:00 0 
7f21dc088000-7f21e0000000 ---p 00000000 00:00 0 
7f21e0000000-7f21e02fa000 rw-p 00000000 00:00 0 
7f21e02fa000-7f21e4000000 ---p 00000000 00:00 0 
7f21e4000000-7f21e41a6000 rw-p 00000000 00:00 0 
7f21e41a6000-7f21e8000000 ---p 00000000 00:00 0 
7f21e8000000-7f21e80fb000 rw-p 00000000 00:00 0 
7f21e80fb000-7f21ec000000 ---p 00000000 00:00 0 
7f21ec000000-7f21ec021000 rw-p 00000000 00:00 0 
7f21ec021000-7f21f0000000 ---p 00000000 00:00 0 
7f21f0000000-7f21f008a000 rw-p 00000000 00:00 0 
7f21f008a000-7f21f4000000 ---p 00000000 00:00 0 
7f21f4000000-7f21f407f000 rw-p 00000000 00:00 0 
7f21f407f000-7f21f8000000 ---p 00000000 00:00 0 
7f21f81e6000-7f21f83e6000 rw-p 00000000 00:00 0 
7f21f83e6000-7f21f83e9000 ---p 00000000 00:00 0 
7f21f83e9000-7f21f84e7000 rw-p 00000000 00:00 0 
7f21f84e7000-7f21f84ea000 ---p 00000000 00:00 0 
7f21f84ea000-7f21f85e8000 rw-p 00000000 00:00 0 
7f21f85e8000-7f21f85eb000 ---p 00000000 00:00 0 
7f21f85eb000-7f21f86e9000 rw-p 00000000 00:00 0 
7f21f86e9000-7f21f86ec000 ---p 00000000 00:00 0 
7f21f86ec000-7f21f87ea000 rw-p 00000000 00:00 0 
7f21f87ea000-7f21f87ed000 ---p 00000000 00:00 0 
7f21f87ed000-7f21f88eb000 rw-p 00000000 00:00 0 
7f21f88eb000-7f21f88ee000 ---p 00000000 00:00 0 
7f21f88ee000-7f21f89ec000 rw-p 00000000 00:00 0 
7f21f89ec000-7f21f89ef000 ---p 00000000 00:00 0 
7f21f89ef000-7f21f8aed000 rw-p 00000000 00:00 0 
7f21f8aed000-7f21f8af0000 ---p 00000000 00:00 0 
7f21f8af0000-7f21f8bee000 rw-p 00000000 00:00 0 
7f21f8bee000-7f21f8bf1000 ---p 00000000 00:00 0 
7f21f8bf1000-7f21f8cef000 rw-p 00000000 00:00 0 
7f21f8cef000-7f21f8cf2000 ---p 00000000 00:00 0 
7f21f8cf2000-7f21f8df0000 rw-p 00000000 00:00 0 
7f21f8df0000-7f21f8df3000 ---p 00000000 00:00 0 
7f21f8df3000-7f21f8ef1000 rw-p 00000000 00:00 0 
7f21f8ef1000-7f21f8ef4000 ---p 00000000 00:00 0 
7f21f8ef4000-7f21f8ff2000 rw-p 00000000 00:00 0 
7f21f8ff2000-7f21f8ff5000 ---p 00000000 00:00 0 
7f21f8ff5000-7f21f90f3000 rw-p 00000000 00:00 0 
7f21f90f3000-7f21f90f6000 ---p 00000000 00:00 0 
7f21f90f6000-7f21f91f4000 rw-p 00000000 00:00 0 
7f21f91f4000-7f21f91f7000 ---p 00000000 00:00 0 
7f21f91f7000-7f21f92f5000 rw-p 00000000 00:00 0 
7f21f92f5000-7f21f92f8000 ---p 00000000 00:00 0 
7f21f92f8000-7f21f93f6000 rw-p 00000000 00:00 0 
7f21f93f6000-7f21f93f9000 ---p 00000000 00:00 0 
7f21f93f9000-7f21f94f7000 rw-p 00000000 00:00 0 
7f21f94f7000-7f21f94fa000 ---p 00000000 00:00 0 
7f21f94fa000-7f21f95f8000 rw-p 00000000 00:00 0 
7f21f95f8000-7f21f95fb000 ---p 00000000 00:00 0 
7f21f95fb000-7f21f96f9000 rw-p 00000000 00:00 0 
7f21f96f9000-7f21f96fc000 ---p 00000000 00:00 0 
7f21f96fc000-7f21f97fa000 rw-p 00000000 00:00 0 
7f21f97fa000-7f21f97fd000 ---p 00000000 00:00 0 
7f21f97fd000-7f21f9afb000 rw-p 00000000 00:00 0 
7f21f9afb000-7f21f9cfb000 rw-p 00000000 00:00 0 
7f21f9cfb000-7f21f9efb000 rw-p 00000000 00:00 0 
7f21f9efb000-7f21fa0fb000 rw-p 00000000 00:00 0 
7f21fa0fb000-7f21fa2fb000 rw-p 00000000 00:00 0 
7f21fa2fb000-7f21fa4fb000 rw-p 00000000 00:00 0 
7f21fa4fb000-7f21fa6fb000 rw-p 00000000 00:00 0 
7f21fa6fb000-7f21fa8fb000 rw-p 00000000 00:00 0 
7f21fa8fb000-7f21fa8fe000 ---p 00000000 00:00 0 
7f21fa8fe000-7f21fa9fc000 rw-p 00000000 00:00 0 
7f21fa9fc000-7f21fa9ff000 ---p 00000000 00:00 0 
7f21fa9ff000-7f21faafd000 rw-p 00000000 00:00 0 
7f21faafd000-7f21fab00000 ---p 00000000 00:00 0 
7f21fab00000-7f21fadfe000 rw-p 00000000 00:00 0 
7f21fadfe000-7f21fae01000 ---p 00000000 00:00 0 
7f21fae01000-7f21faeff000 rw-p 00000000 00:00 0 
7f21faeff000-7f21faf02000 ---p 00000000 00:00 0 
7f21faf02000-7f21fb200000 rw-p 00000000 00:00 0 
7f21fb200000-7f21fb400000 rw-p 00000000 00:00 0 
7f21fb400000-7f21fb600000 rw-p 00000000 00:00 0 
7f21fb600000-7f21fb800000 rw-p 00000000 00:00 0 
7f21fb800000-7f21fba00000 rw-p 00000000 00:00 0 
7f21fba00000-7f21fbc00000 rw-p 00000000 00:00 0 
7f21fbc00000-7f21fbe00000 rw-p 00000000 00:00 0 
7f21fbe00000-7f21fc000000 rw-p 00000000 00:00 0 
7f21fc000000-7f21fd02e000 rw-p 00000000 00:00 0 
7f21fd02e000-7f2200000000 ---p 00000000 00:00 0 
7f2200000000-7f2200310000 rw-p 00000000 00:00 0 
7f2200310000-7f2204000000 ---p 00000000 00:00 0 
7f2204000000-7f2204021000 rw-p 00000000 00:00 0 
7f2204021000-7f2208000000 ---p 00000000 00:00 0 
7f2208000000-7f220808e000 rw-p 00000000 00:00 0 
7f220808e000-7f220c000000 ---p 00000000 00:00 0 
7f220c000000-7f220c021000 rw-p 00000000 00:00 0 
7f220c021000-7f2210000000 ---p 00000000 00:00 0 
7f2210000000-7f22100b6000 rw-p 00000000 00:00 0 
7f22100b6000-7f2214000000 ---p 00000000 00:00 0 
7f2214000000-7f2214021000 rw-p 00000000 00:00 0 
7f2214021000-7f2218000000 ---p 00000000 00:00 0 
7f2218000000-7f221809b000 rw-p 00000000 00:00 0 
7f221809b000-7f221c000000 ---p 00000000 00:00 0 
7f221c000000-7f221c021000 rw-p 00000000 00:00 0 
7f221c021000-7f2220000000 ---p 00000000 00:00 0 
7f2220000000-7f2220021000 rw-p 00000000 00:00 0 
7f2220021000-7f2224000000 ---p 00000000 00:00 0 
7f2224000000-7f2224021000 rw-p 00000000 00:00 0 
7f2224021000-7f2228000000 ---p 00000000 00:00 0 
7f2228000000-7f2228034000 rw-p 00000000 00:00 0 
7f2228034000-7f222c000000 ---p 00000000 00:00 0 
7f222c000000-7f222c021000 rw-p 00000000 00:00 0 
7f222c021000-7f2230000000 ---p 00000000 00:00 0 
7f2230000000-7f2230cd7000 rw-p 00000000 00:00 0 
7f2230cd7000-7f2234000000 ---p 00000000 00:00 0 
7f2234000000-7f2234021000 rw-p 00000000 00:00 0 
7f2234021000-7f2238000000 ---p 00000000 00:00 0 
7f2238000000-7f223804e000 rw-p 00000000 00:00 0 
7f223804e000-7f223c000000 ---p 00000000 00:00 0 
7f223c000000-7f223c021000 rw-p 00000000 00:00 0 
7f223c021000-7f2240000000 ---p 00000000 00:00 0 
7f2240000000-7f2240021000 rw-p 00000000 00:00 0 
7f2240021000-7f2244000000 ---p 00000000 00:00 0 
7f2244000000-7f2244021000 rw-p 00000000 00:00 0 
7f2244021000-7f2248000000 ---p 00000000 00:00 0 
7f2248000000-7f22480ac000 rw-p 00000000 00:00 0 
7f22480ac000-7f224c000000 ---p 00000000 00:00 0 
7f224c000000-7f224c021000 rw-p 00000000 00:00 0 
7f224c021000-7f2250000000 ---p 00000000 00:00 0 
7f22500f6000-7f22500f9000 ---p 00000000 00:00 0 
7f22500f9000-7f22503f7000 rw-p 00000000 00:00 0 
7f22503f7000-7f22505f7000 rw-p 00000000 00:00 0 
7f22505f7000-7f22505fa000 ---p 00000000 00:00 0 
7f22505fa000-7f22506f8000 rw-p 00000000 00:00 0 
7f22506f8000-7f22506fb000 ---p 00000000 00:00 0 
7f22506fb000-7f22507f9000 rw-p 00000000 00:00 0 
7f22507f9000-7f22507fc000 ---p 00000000 00:00 0 
7f22507fc000-7f22508fa000 rw-p 00000000 00:00 0 
7f22508fa000-7f22508fd000 ---p 00000000 00:00 0 
7f22508fd000-7f2250bfb000 rw-p 00000000 00:00 0 
7f2250bfb000-7f2250bfe000 ---p 00000000 00:00 0 
7f2250bfe000-7f2250cfc000 rw-p 00000000 00:00 0 
7f2250cfc000-7f2250cff000 ---p 00000000 00:00 0 
7f2250cff000-7f2250dfd000 rw-p 00000000 00:00 0 
7f2250dfd000-7f2250e00000 ---p 00000000 00:00 0 
7f2250e00000-7f2250efe000 rw-p 00000000 00:00 0 
7f2250efe000-7f2250eff000 ---p 00000000 00:00 0 
7f2250eff000-7f2254000000 rw-p 00000000 00:00 0 
7f2254000000-7f2254033000 rw-p 00000000 00:00 0 
7f2254033000-7f2258000000 ---p 00000000 00:00 0 
7f2258059000-7f225805b000 r--s 00016000 08:06 11805318                   /usr/lib/jvm/java-8-openjdk-amd64/jre/lib/jce.jar
7f225805b000-7f2258060000 r--s 002f9000 08:06 11808937                   /usr/lib/jvm/java-8-openjdk-amd64/jre/lib/charsets.jar
7f2258060000-7f2258073000 r--s 00346000 08:06 11802042                   /usr/lib/jvm/java-8-openjdk-amd64/jre/lib/resources.jar
7f2258073000-7f225807a000 r--s 00000000 08:06 12060742                   /usr/lib/x86_64-linux-gnu/gconv/gconv-modules.cache
7f225807a000-7f225809b000 r--p 00000000 08:06 1314039                    /usr/share/locale-langpack/pt_BR/LC_MESSAGES/libc.mo
7f225809b000-7f225809e000 ---p 00000000 00:00 0 
7f225809e000-7f225819c000 rw-p 00000000 00:00 0 
7f225819c000-7f225819f000 ---p 00000000 00:00 0 
7f225819f000-7f225829d000 rw-p 00000000 00:00 0 
7f225829d000-7f22582a0000 ---p 00000000 00:00 0 
7f22582a0000-7f225839e000 rw-p 00000000 00:00 0 
7f225839e000-7f22583a3000 r--s 0009d000 08:06 11802040                   /usr/lib/jvm/java-8-openjdk-amd64/jre/lib/jsse.jar
7f22583a3000-7f22583a4000 r--s 00009000 08:06 9175392                    /home/osvaldoairon/.m2/repository/org/thymeleaf/extras/thymeleaf-extras-java8time/3.0.1.RELEASE/thymeleaf-extras-java8time-3.0.1.RELEASE.jar
7f22583a4000-7f22583a7000 r--s 00026000 08:06 9175390                    /home/osvaldoairon/.m2/repository/org/unbescape/unbescape/1.1.5.RELEASE/unbescape-1.1.5.RELEASE.jar
7f22583a7000-7f22583ab000 r--s 00035000 08:06 9175388                    /home/osvaldoairon/.m2/repository/org/attoparser/attoparser/2.0.4.RELEASE/attoparser-2.0.4.RELEASE.jar
7f22583ab000-7f22583bb000 r--s 000c5000 08:06 9175386                    /home/osvaldoairon/.m2/repository/org/thymeleaf/thymeleaf/3.0.9.RELEASE/thymeleaf-3.0.9.RELEASE.jar
7f22583bb000-7f22583bf000 r--s 00027000 08:06 9175384                    /home/osvaldoairon/.m2/repository/org/thymeleaf/thymeleaf-spring5/3.0.9.RELEASE/thymeleaf-spring5-3.0.9.RELEASE.jar
7f22583bf000-7f22583c0000 r--s 00000000 08:06 9175855                    /home/osvaldoairon/.m2/repository/org/springframework/boot/spring-boot-starter-thymeleaf/2.0.0.RELEASE/spring-boot-starter-thymeleaf-2.0.0.RELEASE.jar
7f22583c0000-7f22583c5000 r--s 0003a000 08:06 8917054                    /home/osvaldoairon/.m2/repository/org/apache/tomcat/embed/tomcat-embed-websocket/8.5.31/tomcat-embed-websocket-8.5.31.jar
7f22583c5000-7f22583c9000 r--s 00037000 08:06 8917052                    /home/osvaldoairon/.m2/repository/org/apache/tomcat/embed/tomcat-embed-el/8.5.31/tomcat-embed-el-8.5.31.jar
7f22583c9000-7f22583f2000 r--s 002d0000 08:06 8917050                    /home/osvaldoairon/.m2/repository/org/apache/tomcat/embed/tomcat-embed-core/8.5.31/tomcat-embed-core-8.5.31.jar
7f22583f2000-7f22583f4000 r--s 00005000 08:06 9055355                    /home/osvaldoairon/.m2/repository/javax/annotation/javax.annotation-api/1.3.2/javax.annotation-api-1.3.2.jar
7f22583f4000-7f22583f5000 r--s 00000000 08:06 8917048                    /home/osvaldoairon/.m2/repository/org/springframework/boot/spring-boot-starter-tomcat/2.0.2.RELEASE/spring-boot-starter-tomcat-2.0.2.RELEASE.jar
7f22583f5000-7f2258416000 r--s 000fb000 08:06 9055341                    /home/osvaldoairon/.m2/repository/org/springframework/boot/spring-boot-autoconfigure/2.0.2.RELEASE/spring-boot-autoconfigure-2.0.2.RELEASE.jar
7f2258416000-7f225842b000 r--s 000ce000 08:06 9055339                    /home/osvaldoairon/.m2/repository/org/springframework/boot/spring-boot/2.0.2.RELEASE/spring-boot-2.0.2.RELEASE.jar
7f225842b000-7f2258431000 r--s 0002d000 08:06 9175519                    /home/osvaldoairon/.m2/repository/org/springframework/boot/spring-boot-devtools/2.0.2.RELEASE/spring-boot-devtools-2.0.2.RELEASE.jar
7f2258431000-7f2258433000 r--s 00004000 08:06 9055465                    /home/osvaldoairon/.m2/repository/org/springframework/spring-jcl/5.0.6.RELEASE/spring-jcl-5.0.6.RELEASE.jar
7f2258433000-7f225844b000 r--s 00114000 08:06 9055463                    /home/osvaldoairon/.m2/repository/org/springframework/spring-core/5.0.6.RELEASE/spring-core-5.0.6.RELEASE.jar
7f225844b000-7f2258487000 r--s 00290000 08:06 9055449                    /home/osvaldoairon/.m2/repository/net/bytebuddy/byte-buddy/1.7.11/byte-buddy-1.7.11.jar
7f2258487000-7f2258491000 r--s 000b7000 08:06 9055427                    /home/osvaldoairon/.m2/repository/org/postgresql/postgresql/42.2.2/postgresql-42.2.2.jar
7f2258491000-7f225849a000 r--s 000c1000 08:06 10882000                   /home/osvaldoairon/.m2/repository/com/microsoft/sqlserver/mssql-jdbc/6.2.2.jre8/mssql-jdbc-6.2.2.jre8.jar
7f225849a000-7f225849d000 r--s 00065000 08:06 8810351                    /home/osvaldoairon/.m2/repository/io/springfox/springfox-swagger-ui/2.7.0/springfox-swagger-ui-2.7.0.jar
7f225849d000-7f225849f000 r--s 00003000 08:06 8810299                    /home/osvaldoairon/.m2/repository/org/mapstruct/mapstruct/1.1.0.Final/mapstruct-1.1.0.Final.jar
7f225849f000-7f22584a1000 r--s 00000000 08:06 8810297                    /home/osvaldoairon/.m2/repository/org/springframework/plugin/spring-plugin-metadata/1.2.0.RELEASE/spring-plugin-metadata-1.2.0.RELEASE.jar
7f22584a1000-7f22584a2000 r--s 00004000 08:06 8810295                    /home/osvaldoairon/.m2/repository/org/springframework/plugin/spring-plugin-core/1.2.0.RELEASE/spring-plugin-core-1.2.0.RELEASE.jar
7f22584a2000-7f22584a4000 r--s 00009000 08:06 9055403                    /home/osvaldoairon/.m2/repository/org/slf4j/slf4j-api/1.7.25/slf4j-api-1.7.25.jar
7f22584a4000-7f22584a6000 r--s 0000e000 08:06 9055383                    /home/osvaldoairon/.m2/repository/com/fasterxml/classmate/1.3.4/classmate-1.3.4.jar
7f22584a6000-7f22584d1000 r--s 001fc000 08:06 10752264                   /home/osvaldoairon/.m2/repository/com/google/guava/guava/18.0/guava-18.0.jar
7f22584d1000-7f22584d4000 r--s 0001e000 08:06 8810292                    /home/osvaldoairon/.m2/repository/org/reflections/reflections/0.9.11/reflections-0.9.11.jar
7f22584d4000-7f22584d9000 r--s 00026000 08:06 8810290                    /home/osvaldoairon/.m2/repository/io/springfox/springfox-spring-web/2.7.0/springfox-spring-web-2.7.0.jar
7f22584d9000-7f22584dc000 r--s 00013000 08:06 8810288                    /home/osvaldoairon/.m2/repository/io/springfox/springfox-swagger-common/2.7.0/springfox-swagger-common-2.7.0.jar
7f22584dc000-7f22584df000 r--s 00010000 08:06 8810286                    /home/osvaldoairon/.m2/repository/io/springfox/springfox-schema/2.7.0/springfox-schema-2.7.0.jar
7f22584df000-7f22584e3000 r--s 00017000 08:06 8810283                    /home/osvaldoairon/.m2/repository/io/springfox/springfox-core/2.7.0/springfox-core-2.7.0.jar
7f22584e3000-7f22584e6000 r--s 0000a000 08:06 8810281                    /home/osvaldoairon/.m2/repository/io/springfox/springfox-spi/2.7.0/springfox-spi-2.7.0.jar
7f22584e6000-7f22584e9000 r--s 0000e000 08:06 9055413                    /home/osvaldoairon/.m2/repository/com/fasterxml/jackson/core/jackson-annotations/2.9.0/jackson-annotations-2.9.0.jar
7f22584e9000-7f22584ec000 r--s 00020000 08:06 8810279                    /home/osvaldoairon/.m2/repository/io/swagger/swagger-models/1.5.13/swagger-models-1.5.13.jar
7f22584ec000-7f22584ee000 r--s 00004000 08:06 8810277                    /home/osvaldoairon/.m2/repository/io/swagger/swagger-annotations/1.5.13/swagger-annotations-1.5.13.jar
7f22584ee000-7f22584f1000 r--s 0000d000 08:06 8810275                    /home/osvaldoairon/.m2/repository/io/springfox/springfox-swagger2/2.7.0/springfox-swagger2-2.7.0.jar
7f22584f1000-7f2258500000 r--s 000b2000 08:06 9055423                    /home/osvaldoairon/.m2/repository/org/springframework/spring-webmvc/5.0.6.RELEASE/spring-webmvc-5.0.6.RELEASE.jar
7f2258500000-7f225851a000 r--s 00119000 08:06 9055421                    /home/osvaldoairon/.m2/repository/org/springframework/spring-web/5.0.6.RELEASE/spring-web-5.0.6.RELEASE.jar
7f225851a000-7f225851f000 r--s 00012000 08:06 9055419                    /home/osvaldoairon/.m2/repository/javax/validation/validation-api/2.0.1.Final/validation-api-2.0.1.Final.jar
7f225851f000-7f225853c000 r--s 000f8000 08:06 9055417                    /home/osvaldoairon/.m2/repository/org/hibernate/validator/hibernate-validator/6.0.9.Final/hibernate-validator-6.0.9.Final.jar
7f225853c000-7f225853e000 r--s 00001000 08:06 8917046                    /home/osvaldoairon/.m2/repository/com/fasterxml/jackson/module/jackson-module-parameter-names/2.9.5/jackson-module-parameter-names-2.9.5.jar
7f225853e000-7f2258541000 r--s 00016000 08:06 8917044                    /home/osvaldoairon/.m2/repository/com/fasterxml/jackson/datatype/jackson-datatype-jsr310/2.9.5/jackson-datatype-jsr310-2.9.5.jar
7f2258541000-7f2258543000 r--s 00007000 08:06 8788454                    /home/osvaldoairon/.m2/repository/com/fasterxml/jackson/datatype/jackson-datatype-jdk8/2.9.5/jackson-datatype-jdk8-2.9.5.jar
7f2258543000-7f2258547000 r--s 0004b000 08:06 9055415                    /home/osvaldoairon/.m2/repository/com/fasterxml/jackson/core/jackson-core/2.9.5/jackson-core-2.9.5.jar
7f2258547000-7f225855a000 r--s 00135000 08:06 9055411                    /home/osvaldoairon/.m2/repository/com/fasterxml/jackson/core/jackson-databind/2.9.5/jackson-databind-2.9.5.jar
7f225855a000-7f225855b000 r--s 00000000 08:06 9055409                    /home/osvaldoairon/.m2/repository/org/springframework/boot/spring-boot-starter-json/2.0.2.RELEASE/spring-boot-starter-json-2.0.2.RELEASE.jar
7f225855b000-7f225855c000 r--s 00000000 08:06 9055407                    /home/osvaldoairon/.m2/repository/org/springframework/boot/spring-boot-starter-web/2.0.2.RELEASE/spring-boot-starter-web-2.0.2.RELEASE.jar
7f225855c000-7f2258561000 r--s 00040000 08:06 9055425                    /home/osvaldoairon/.m2/repository/org/springframework/spring-expression/5.0.6.RELEASE/spring-expression-5.0.6.RELEASE.jar
7f2258561000-7f225856f000 r--s 0006b000 08:06 8801978                    /home/osvaldoairon/.m2/repository/org/springframework/security/spring-security-web/5.0.5.RELEASE/spring-security-web-5.0.5.RELEASE.jar
7f225856f000-7f225857b000 r--s 0005c000 08:06 8801841                    /home/osvaldoairon/.m2/repository/org/springframework/security/spring-security-core/5.0.5.RELEASE/spring-security-core-5.0.5.RELEASE.jar
7f225857b000-7f2258586000 r--s 0009e000 08:06 8801976                    /home/osvaldoairon/.m2/repository/org/springframework/security/spring-security-config/5.0.5.RELEASE/spring-security-config-5.0.5.RELEASE.jar
7f2258586000-7f225858f000 r--s 00051000 08:06 9055361                    /home/osvaldoairon/.m2/repository/org/springframework/spring-aop/5.0.6.RELEASE/spring-aop-5.0.6.RELEASE.jar
7f225858f000-7f2258590000 r--s 00000000 08:06 8801972                    /home/osvaldoairon/.m2/repository/org/springframework/boot/spring-boot-starter-security/2.0.2.RELEASE/spring-boot-starter-security-2.0.2.RELEASE.jar
7f2258590000-7f2258592000 r--s 0000a000 08:06 9055405                    /home/osvaldoairon/.m2/repository/org/springframework/spring-aspects/5.0.6.RELEASE/spring-aspects-5.0.6.RELEASE.jar
7f2258592000-7f225859e000 r--s 00096000 08:06 9055401                    /home/osvaldoairon/.m2/repository/org/springframework/spring-beans/5.0.6.RELEASE/spring-beans-5.0.6.RELEASE.jar
7f225859e000-7f22585a6000 r--s 00037000 08:06 9055399                    /home/osvaldoairon/.m2/repository/org/springframework/spring-tx/5.0.6.RELEASE/spring-tx-5.0.6.RELEASE.jar
7f22585a6000-7f22585c0000 r--s 000f1000 08:06 9055397                    /home/osvaldoairon/.m2/repository/org/springframework/spring-context/5.0.6.RELEASE/spring-context-5.0.6.RELEASE.jar
7f22585c0000-7f22585c4000 r--s 0002b000 08:06 9055395                    /home/osvaldoairon/.m2/repository/org/springframework/spring-orm/5.0.6.RELEASE/spring-orm-5.0.6.RELEASE.jar
7f22585c4000-7f22585db000 r--s 000f0000 08:06 9055393                    /home/osvaldoairon/.m2/repository/org/springframework/data/spring-data-commons/2.0.7.RELEASE/spring-data-commons-2.0.7.RELEASE.jar
7f22585db000-7f22585e2000 r--s 0004b000 08:06 9055391                    /home/osvaldoairon/.m2/repository/org/springframework/data/spring-data-jpa/2.0.7.RELEASE/spring-data-jpa-2.0.7.RELEASE.jar
7f22585e2000-7f22585e4000 r--s 00006000 08:06 9055389                    /home/osvaldoairon/.m2/repository/javax/transaction/javax.transaction-api/1.2/javax.transaction-api-1.2.jar
7f22585e4000-7f22585e7000 r--s 00010000 08:06 9055387                    /home/osvaldoairon/.m2/repository/org/hibernate/common/hibernate-commons-annotations/5.0.1.Final/hibernate-commons-annotations-5.0.1.Final.jar
7f22585e7000-7f22585ec000 r--s 00048000 08:06 9055385                    /home/osvaldoairon/.m2/repository/dom4j/dom4j/1.6.1/dom4j-1.6.1.jar
7f22585ec000-7f22585ef000 r--s 0002b000 08:06 9055381                    /home/osvaldoairon/.m2/repository/org/jboss/jandex/2.0.3.Final/jandex-2.0.3.Final.jar
7f22585ef000-7f22585f4000 r--s 00068000 08:06 9055379                    /home/osvaldoairon/.m2/repository/antlr/antlr/2.7.7/antlr-2.7.7.jar
7f22585f4000-7f22585fe000 r--s 000ab000 08:06 9055377                    /home/osvaldoairon/.m2/repository/org/javassist/javassist/3.22.0-GA/javassist-3.22.0-GA.jar
7f22585fe000-7f2258603000 r--s 00017000 08:06 9055375                    /home/osvaldoairon/.m2/repository/org/hibernate/javax/persistence/hibernate-jpa-2.1-api/1.0.0.Final/hibernate-jpa-2.1-api-1.0.0.Final.jar
7f2258603000-7f2258605000 r--s 0000f000 08:06 9055373                    /home/osvaldoairon/.m2/repository/org/jboss/logging/jboss-logging/3.3.2.Final/jboss-logging-3.3.2.Final.jar
7f2258605000-7f2258683000 r--s 005f0000 08:06 9055371                    /home/osvaldoairon/.m2/repository/org/hibernate/hibernate-core/5.2.17.Final/hibernate-core-5.2.17.Final.jar
7f2258683000-7f225868c000 r--s 00059000 08:06 9055369                    /home/osvaldoairon/.m2/repository/org/springframework/spring-jdbc/5.0.6.RELEASE/spring-jdbc-5.0.6.RELEASE.jar
7f225868c000-7f2258690000 r--s 00020000 08:06 9055367                    /home/osvaldoairon/.m2/repository/com/zaxxer/HikariCP/2.7.9/HikariCP-2.7.9.jar
7f2258690000-7f2258691000 r--s 00000000 08:06 9055365                    /home/osvaldoairon/.m2/repository/org/springframework/boot/spring-boot-starter-jdbc/2.0.2.RELEASE/spring-boot-starter-jdbc-2.0.2.RELEASE.jar
7f2258691000-7f22586aa000 r--s 001bf000 08:06 9055363                    /home/osvaldoairon/.m2/repository/org/aspectj/aspectjweaver/1.8.13/aspectjweaver-1.8.13.jar
7f22586aa000-7f22586b1000 r--s 00042000 08:06 9055357                    /home/osvaldoairon/.m2/repository/org/yaml/snakeyaml/1.19/snakeyaml-1.19.jar
7f22586b1000-7f22586b3000 r--s 00000000 08:06 9055353                    /home/osvaldoairon/.m2/repository/org/slf4j/jul-to-slf4j/1.7.25/jul-to-slf4j-1.7.25.jar
7f22586b3000-7f22586b9000 r--s 00039000 08:06 9055351                    /home/osvaldoairon/.m2/repository/org/apache/logging/log4j/log4j-api/2.10.0/log4j-api-2.10.0.jar
7f22586b9000-7f22586d4000 r--s 00394000 08:06 11803126                   /usr/lib/jvm/java-8-openjdk-amd64/jre/lib/ext/cldrdata.jar
7f22586d4000-7f22586ef000 r--s 001d6000 08:06 11803124                   /usr/lib/jvm/java-8-openjdk-amd64/jre/lib/ext/nashorn.jar
7f22586ef000-7f2258700000 r-xp 00000000 08:06 11808915                   /usr/lib/jvm/java-8-openjdk-amd64/jre/lib/amd64/libnio.so
7f2258700000-7f2258900000 ---p 00011000 08:06 11808915                   /usr/lib/jvm/java-8-openjdk-amd64/jre/lib/amd64/libnio.so
7f2258900000-7f2258901000 r--p 00011000 08:06 11808915                   /usr/lib/jvm/java-8-openjdk-amd64/jre/lib/amd64/libnio.so
7f2258901000-7f2258902000 rw-p 00012000 08:06 11808915                   /usr/lib/jvm/java-8-openjdk-amd64/jre/lib/amd64/libnio.so
7f2258902000-7f2258919000 r-xp 00000000 08:06 11807421                   /usr/lib/jvm/java-8-openjdk-amd64/jre/lib/amd64/libnet.so
7f2258919000-7f2258b18000 ---p 00017000 08:06 11807421                   /usr/lib/jvm/java-8-openjdk-amd64/jre/lib/amd64/libnet.so
7f2258b18000-7f2258b19000 r--p 00016000 08:06 11807421                   /usr/lib/jvm/java-8-openjdk-amd64/jre/lib/amd64/libnet.so
7f2258b19000-7f2258b1a000 rw-p 00017000 08:06 11807421                   /usr/lib/jvm/java-8-openjdk-amd64/jre/lib/amd64/libnet.so
7f2258b1a000-7f2258b23000 r-xp 00000000 08:06 11808900                   /usr/lib/jvm/java-8-openjdk-amd64/jre/lib/amd64/libmanagement.so
7f2258b23000-7f2258d22000 ---p 00009000 08:06 11808900                   /usr/lib/jvm/java-8-openjdk-amd64/jre/lib/amd64/libmanagement.so
7f2258d22000-7f2258d23000 r--p 00008000 08:06 11808900                   /usr/lib/jvm/java-8-openjdk-amd64/jre/lib/amd64/libmanagement.so
7f2258d23000-7f2258d24000 rw-p 00009000 08:06 11808900                   /usr/lib/jvm/java-8-openjdk-amd64/jre/lib/amd64/libmanagement.so
7f2258d24000-7f2258d27000 ---p 00000000 00:00 0 
7f2258d27000-7f2258e25000 rw-p 00000000 00:00 0 
7f2258e25000-7f2258e28000 ---p 00000000 00:00 0 
7f2258e28000-7f2258f26000 rw-p 00000000 00:00 0 
7f2258f26000-7f2258f29000 ---p 00000000 00:00 0 
7f2258f29000-7f2259027000 rw-p 00000000 00:00 0 
7f2259027000-7f225902a000 ---p 00000000 00:00 0 
7f225902a000-7f2259128000 rw-p 00000000 00:00 0 
7f2259128000-7f225912b000 ---p 00000000 00:00 0 
7f225912b000-7f2259229000 rw-p 00000000 00:00 0 
7f2259229000-7f2259503000 r--p 00000000 08:06 11803415                   /usr/lib/locale/locale-archive
7f2259503000-7f2259506000 ---p 00000000 00:00 0 
7f2259506000-7f2259604000 rw-p 00000000 00:00 0 
7f2259604000-7f2259607000 ---p 00000000 00:00 0 
7f2259607000-7f2259705000 rw-p 00000000 00:00 0 
7f2259705000-7f2259706000 ---p 00000000 00:00 0 
7f2259706000-7f225c000000 rw-p 00000000 00:00 0 
7f225c000000-7f225c03a000 rw-p 00000000 00:00 0 
7f225c03a000-7f2260000000 ---p 00000000 00:00 0 
7f2260000000-7f226000b000 r--s 00069000 08:06 9055347                    /home/osvaldoairon/.m2/repository/ch/qos/logback/logback-core/1.2.3/logback-core-1.2.3.jar
7f226000b000-7f2260011000 r--s 00041000 08:06 9055345                    /home/osvaldoairon/.m2/repository/ch/qos/logback/logback-classic/1.2.3/logback-classic-1.2.3.jar
7f2260011000-7f22605bb000 rw-p 00000000 00:00 0 
7f22605bb000-7f226078a000 r--s 03c32000 08:06 11802041                   /usr/lib/jvm/java-8-openjdk-amd64/jre/lib/rt.jar
7f226078a000-7f2261000000 rw-p 00000000 00:00 0 
7f2261000000-7f22626a0000 rwxp 00000000 00:00 0 
7f22626a0000-7f2270000000 ---p 00000000 00:00 0 
7f2270000000-7f22709de000 rw-p 00000000 00:00 0 
7f22709de000-7f2274000000 ---p 00000000 00:00 0 
7f2274000000-7f2274001000 r--s 00000000 08:06 9055359                    /home/osvaldoairon/.m2/repository/org/springframework/boot/spring-boot-starter-aop/2.0.2.RELEASE/spring-boot-starter-aop-2.0.2.RELEASE.jar
7f2274001000-7f2274003000 r--s 00003000 08:06 9055349                    /home/osvaldoairon/.m2/repository/org/apache/logging/log4j/log4j-to-slf4j/2.10.0/log4j-to-slf4j-2.10.0.jar
7f2274003000-7f2274004000 r--s 00000000 08:06 9055343                    /home/osvaldoairon/.m2/repository/org/springframework/boot/spring-boot-starter-logging/2.0.2.RELEASE/spring-boot-starter-logging-2.0.2.RELEASE.jar
7f2274004000-7f2274007000 r--s 0000f000 08:06 11803122                   /usr/lib/jvm/java-8-openjdk-amd64/jre/lib/ext/icedtea-sound.jar
7f2274007000-7f227400d000 r--s 0003b000 08:06 11805265                   /usr/lib/jvm/java-8-openjdk-amd64/jre/lib/ext/sunjce_provider.jar
7f227400d000-7f2274017000 r--s 00116000 08:06 11805258                   /usr/lib/jvm/java-8-openjdk-amd64/jre/lib/ext/localedata.jar
7f2274017000-7f22741f6000 rw-p 00000000 00:00 0 
7f22741f6000-7f22741f7000 ---p 00000000 00:00 0 
7f22741f7000-7f22742f7000 rw-p 00000000 00:00 0 
7f22742f7000-7f22742f8000 ---p 00000000 00:00 0 
7f22742f8000-7f22743f8000 rw-p 00000000 00:00 0 
7f22743f8000-7f22743f9000 ---p 00000000 00:00 0 
7f22743f9000-7f22744f9000 rw-p 00000000 00:00 0 
7f22744f9000-7f22744fa000 ---p 00000000 00:00 0 
7f22744fa000-7f2274620000 rw-p 00000000 00:00 0 
7f2274620000-7f227473a000 ---p 00000000 00:00 0 
7f227473a000-7f2274760000 rw-p 00000000 00:00 0 
7f2274760000-7f2274879000 ---p 00000000 00:00 0 
7f2274879000-7f2274919000 rw-p 00000000 00:00 0 
7f2274919000-7f2274975000 rw-p 00000000 00:00 0 
7f2274975000-7f2274cda000 ---p 00000000 00:00 0 
7f2274cda000-7f2274ce2000 r-xp 00000000 08:06 11808908                   /usr/lib/jvm/java-8-openjdk-amd64/jre/lib/amd64/libzip.so
7f2274ce2000-7f2274ee1000 ---p 00008000 08:06 11808908                   /usr/lib/jvm/java-8-openjdk-amd64/jre/lib/amd64/libzip.so
7f2274ee1000-7f2274ee2000 r--p 00007000 08:06 11808908                   /usr/lib/jvm/java-8-openjdk-amd64/jre/lib/amd64/libzip.so
7f2274ee2000-7f2274ee3000 rw-p 00008000 08:06 11808908                   /usr/lib/jvm/java-8-openjdk-amd64/jre/lib/amd64/libzip.so
7f2274ee3000-7f2274eee000 r-xp 00000000 08:06 6684769                    /lib/x86_64-linux-gnu/libnss_files-2.23.so
7f2274eee000-7f22750ed000 ---p 0000b000 08:06 6684769                    /lib/x86_64-linux-gnu/libnss_files-2.23.so
7f22750ed000-7f22750ee000 r--p 0000a000 08:06 6684769                    /lib/x86_64-linux-gnu/libnss_files-2.23.so
7f22750ee000-7f22750ef000 rw-p 0000b000 08:06 6684769                    /lib/x86_64-linux-gnu/libnss_files-2.23.so
7f22750ef000-7f22750f5000 rw-p 00000000 00:00 0 
7f22750f5000-7f2275100000 r-xp 00000000 08:06 6689265                    /lib/x86_64-linux-gnu/libnss_nis-2.23.so
7f2275100000-7f22752ff000 ---p 0000b000 08:06 6689265                    /lib/x86_64-linux-gnu/libnss_nis-2.23.so
7f22752ff000-7f2275300000 r--p 0000a000 08:06 6689265                    /lib/x86_64-linux-gnu/libnss_nis-2.23.so
7f2275300000-7f2275301000 rw-p 0000b000 08:06 6689265                    /lib/x86_64-linux-gnu/libnss_nis-2.23.so
7f2275301000-7f2275317000 r-xp 00000000 08:06 6684689                    /lib/x86_64-linux-gnu/libnsl-2.23.so
7f2275317000-7f2275516000 ---p 00016000 08:06 6684689                    /lib/x86_64-linux-gnu/libnsl-2.23.so
7f2275516000-7f2275517000 r--p 00015000 08:06 6684689                    /lib/x86_64-linux-gnu/libnsl-2.23.so
7f2275517000-7f2275518000 rw-p 00016000 08:06 6684689                    /lib/x86_64-linux-gnu/libnsl-2.23.so
7f2275518000-7f227551a000 rw-p 00000000 00:00 0 
7f227551a000-7f2275522000 r-xp 00000000 08:06 6684764                    /lib/x86_64-linux-gnu/libnss_compat-2.23.so
7f2275522000-7f2275721000 ---p 00008000 08:06 6684764                    /lib/x86_64-linux-gnu/libnss_compat-2.23.so
7f2275721000-7f2275722000 r--p 00007000 08:06 6684764                    /lib/x86_64-linux-gnu/libnss_compat-2.23.so
7f2275722000-7f2275723000 rw-p 00008000 08:06 6684764                    /lib/x86_64-linux-gnu/libnss_compat-2.23.so
7f2275723000-7f2275750000 r-xp 00000000 08:06 11808925                   /usr/lib/jvm/java-8-openjdk-amd64/jre/lib/amd64/libjava.so
7f2275750000-7f227594f000 ---p 0002d000 08:06 11808925                   /usr/lib/jvm/java-8-openjdk-amd64/jre/lib/amd64/libjava.so
7f227594f000-7f2275950000 r--p 0002c000 08:06 11808925                   /usr/lib/jvm/java-8-openjdk-amd64/jre/lib/amd64/libjava.so
7f2275950000-7f2275952000 rw-p 0002d000 08:06 11808925                   /usr/lib/jvm/java-8-openjdk-amd64/jre/lib/amd64/libjava.so
7f2275952000-7f2275961000 r-xp 00000000 08:06 11808913                   /usr/lib/jvm/java-8-openjdk-amd64/jre/lib/amd64/libverify.so
7f2275961000-7f2275b60000 ---p 0000f000 08:06 11808913                   /usr/lib/jvm/java-8-openjdk-amd64/jre/lib/amd64/libverify.so
7f2275b60000-7f2275b62000 r--p 0000e000 08:06 11808913                   /usr/lib/jvm/java-8-openjdk-amd64/jre/lib/amd64/libverify.so
7f2275b62000-7f2275b63000 rw-p 00010000 08:06 11808913                   /usr/lib/jvm/java-8-openjdk-amd64/jre/lib/amd64/libverify.so
7f2275b63000-7f2275b6a000 r-xp 00000000 08:06 6689266                    /lib/x86_64-linux-gnu/librt-2.23.so
7f2275b6a000-7f2275d69000 ---p 00007000 08:06 6689266                    /lib/x86_64-linux-gnu/librt-2.23.so
7f2275d69000-7f2275d6a000 r--p 00006000 08:06 6689266                    /lib/x86_64-linux-gnu/librt-2.23.so
7f2275d6a000-7f2275d6b000 rw-p 00007000 08:06 6689266                    /lib/x86_64-linux-gnu/librt-2.23.so
7f2275d6b000-7f2275d81000 r-xp 00000000 08:06 6689286                    /lib/x86_64-linux-gnu/libgcc_s.so.1
7f2275d81000-7f2275f80000 ---p 00016000 08:06 6689286                    /lib/x86_64-linux-gnu/libgcc_s.so.1
7f2275f80000-7f2275f81000 rw-p 00015000 08:06 6689286                    /lib/x86_64-linux-gnu/libgcc_s.so.1
7f2275f81000-7f2276089000 r-xp 00000000 08:06 6684686                    /lib/x86_64-linux-gnu/libm-2.23.so
7f2276089000-7f2276288000 ---p 00108000 08:06 6684686                    /lib/x86_64-linux-gnu/libm-2.23.so
7f2276288000-7f2276289000 r--p 00107000 08:06 6684686                    /lib/x86_64-linux-gnu/libm-2.23.so
7f2276289000-7f227628a000 rw-p 00108000 08:06 6684686                    /lib/x86_64-linux-gnu/libm-2.23.so
7f227628a000-7f22763fc000 r-xp 00000000 08:06 11796759                   /usr/lib/x86_64-linux-gnu/libstdc++.so.6.0.21
7f22763fc000-7f22765fc000 ---p 00172000 08:06 11796759                   /usr/lib/x86_64-linux-gnu/libstdc++.so.6.0.21
7f22765fc000-7f2276606000 r--p 00172000 08:06 11796759                   /usr/lib/x86_64-linux-gnu/libstdc++.so.6.0.21
7f2276606000-7f2276608000 rw-p 0017c000 08:06 11796759                   /usr/lib/x86_64-linux-gnu/libstdc++.so.6.0.21
7f2276608000-7f227660c000 rw-p 00000000 00:00 0 
7f227660c000-7f2277269000 r-xp 00000000 08:06 11807417                   /usr/lib/jvm/java-8-openjdk-amd64/jre/lib/amd64/server/libjvm.so
7f2277269000-7f2277469000 ---p 00c5d000 08:06 11807417                   /usr/lib/jvm/java-8-openjdk-amd64/jre/lib/amd64/server/libjvm.so
7f2277469000-7f22774fd000 r--p 00c5d000 08:06 11807417                   /usr/lib/jvm/java-8-openjdk-amd64/jre/lib/amd64/server/libjvm.so
7f22774fd000-7f2277526000 rw-p 00cf1000 08:06 11807417                   /usr/lib/jvm/java-8-openjdk-amd64/jre/lib/amd64/server/libjvm.so
7f2277526000-7f2277556000 rw-p 00000000 00:00 0 
7f2277556000-7f227756e000 r-xp 00000000 08:06 6684755                    /lib/x86_64-linux-gnu/libpthread-2.23.so
7f227756e000-7f227776d000 ---p 00018000 08:06 6684755                    /lib/x86_64-linux-gnu/libpthread-2.23.so
7f227776d000-7f227776e000 r--p 00017000 08:06 6684755                    /lib/x86_64-linux-gnu/libpthread-2.23.so
7f227776e000-7f227776f000 rw-p 00018000 08:06 6684755                    /lib/x86_64-linux-gnu/libpthread-2.23.so
7f227776f000-7f2277773000 rw-p 00000000 00:00 0 
7f2277773000-7f2277776000 r-xp 00000000 08:06 6684758                    /lib/x86_64-linux-gnu/libdl-2.23.so
7f2277776000-7f2277975000 ---p 00003000 08:06 6684758                    /lib/x86_64-linux-gnu/libdl-2.23.so
7f2277975000-7f2277976000 r--p 00002000 08:06 6684758                    /lib/x86_64-linux-gnu/libdl-2.23.so
7f2277976000-7f2277977000 rw-p 00003000 08:06 6684758                    /lib/x86_64-linux-gnu/libdl-2.23.so
7f2277977000-7f2277990000 r-xp 00000000 08:06 6689439                    /lib/x86_64-linux-gnu/libz.so.1.2.8
7f2277990000-7f2277b8f000 ---p 00019000 08:06 6689439                    /lib/x86_64-linux-gnu/libz.so.1.2.8
7f2277b8f000-7f2277b90000 r--p 00018000 08:06 6689439                    /lib/x86_64-linux-gnu/libz.so.1.2.8
7f2277b90000-7f2277b91000 rw-p 00019000 08:06 6689439                    /lib/x86_64-linux-gnu/libz.so.1.2.8
7f2277b91000-7f2277d51000 r-xp 00000000 08:06 6684756                    /lib/x86_64-linux-gnu/libc-2.23.so
7f2277d51000-7f2277f51000 ---p 001c0000 08:06 6684756                    /lib/x86_64-linux-gnu/libc-2.23.so
7f2277f51000-7f2277f55000 r--p 001c0000 08:06 6684756                    /lib/x86_64-linux-gnu/libc-2.23.so
7f2277f55000-7f2277f57000 rw-p 001c4000 08:06 6684756                    /lib/x86_64-linux-gnu/libc-2.23.so
7f2277f57000-7f2277f5b000 rw-p 00000000 00:00 0 
7f2277f5b000-7f2277f68000 r-xp 00000000 08:06 11808910                   /usr/lib/jvm/java-8-openjdk-amd64/jre/lib/amd64/jli/libjli.so
7f2277f68000-7f2278168000 ---p 0000d000 08:06 11808910                   /usr/lib/jvm/java-8-openjdk-amd64/jre/lib/amd64/jli/libjli.so
7f2278168000-7f2278169000 r--p 0000d000 08:06 11808910                   /usr/lib/jvm/java-8-openjdk-amd64/jre/lib/amd64/jli/libjli.so
7f2278169000-7f227816a000 rw-p 0000e000 08:06 11808910                   /usr/lib/jvm/java-8-openjdk-amd64/jre/lib/amd64/jli/libjli.so
7f227816a000-7f2278190000 r-xp 00000000 08:06 6684697                    /lib/x86_64-linux-gnu/ld-2.23.so
7f2278190000-7f2278191000 r--s 00000000 08:06 9055337                    /home/osvaldoairon/.m2/repository/org/springframework/boot/spring-boot-starter/2.0.2.RELEASE/spring-boot-starter-2.0.2.RELEASE.jar
7f2278191000-7f2278192000 r--s 00000000 08:06 9055335                    /home/osvaldoairon/.m2/repository/org/springframework/boot/spring-boot-starter-data-jpa/2.0.2.RELEASE/spring-boot-starter-data-jpa-2.0.2.RELEASE.jar
7f2278192000-7f2278193000 r--s 0000a000 08:06 11805290                   /usr/lib/jvm/java-8-openjdk-amd64/jre/lib/ext/jaccess.jar
7f2278193000-7f2278196000 r--s 00038000 08:06 11803306                   /usr/lib/jvm/java-8-openjdk-amd64/jre/lib/ext/sunpkcs11.jar
7f2278196000-7f2278198000 r--s 00008000 08:06 11805266                   /usr/lib/jvm/java-8-openjdk-amd64/jre/lib/ext/sunec.jar
7f2278198000-7f227819a000 r--s 00001000 08:06 11803311                   /usr/lib/jvm/java-8-openjdk-amd64/jre/lib/ext/dnsns.jar
7f227819a000-7f227826b000 rw-p 00000000 00:00 0 
7f227826b000-7f227826e000 ---p 00000000 00:00 0 
7f227826e000-7f2278370000 rw-p 00000000 00:00 0 
7f2278370000-7f2278371000 r--s 00010000 08:06 11804467                   /usr/lib/jvm/java-8-openjdk-amd64/jre/lib/ext/zipfs.jar
7f2278371000-7f2278384000 rw-p 00000000 00:00 0 
7f2278384000-7f227838c000 rw-s 00000000 08:06 11665418                   /tmp/hsperfdata_osvaldoairon/31247
7f227838c000-7f227838d000 rw-p 00000000 00:00 0 
7f227838d000-7f227838e000 ---p 00000000 00:00 0 
7f227838e000-7f227838f000 rw-p 00000000 00:00 0 
7f227838f000-7f2278390000 r--p 00025000 08:06 6684697                    /lib/x86_64-linux-gnu/ld-2.23.so
7f2278390000-7f2278391000 rw-p 00026000 08:06 6684697                    /lib/x86_64-linux-gnu/ld-2.23.so
7f2278391000-7f2278392000 rw-p 00000000 00:00 0 
7fff8d03a000-7fff8d05e000 rw-p 00000000 00:00 0                          [stack]
7fff8d118000-7fff8d11b000 r--p 00000000 00:00 0                          [vvar]
7fff8d11b000-7fff8d11d000 r-xp 00000000 00:00 0                          [vdso]
ffffffffff600000-ffffffffff601000 r-xp 00000000 00:00 0                  [vsyscall]

VM Arguments:
jvm_args: -Dcom.sun.management.jmxremote -Dcom.sun.management.jmxremote.port=36085 -Dcom.sun.management.jmxremote.authenticate=false -Dcom.sun.management.jmxremote.ssl=false -Djava.rmi.server.hostname=localhost -Dspring.liveBeansView.mbeanDomain -Dspring.application.admin.enabled=true -Djava.security.egd=file:/dev/./urandom -Xverify:none -XX:TieredStopAtLevel=1 -Dfile.encoding=UTF-8 
java_command: com.apps4society.Apps4SocietyApplication --spring.output.ansi.enabled=always
java_class_path (initial): /usr/lib/jvm/java-8-openjdk-amd64/jre/lib/resources.jar:/usr/lib/jvm/java-8-openjdk-amd64/jre/lib/rt.jar:/usr/lib/jvm/java-8-openjdk-amd64/jre/lib/jsse.jar:/usr/lib/jvm/java-8-openjdk-amd64/jre/lib/jce.jar:/usr/lib/jvm/java-8-openjdk-amd64/jre/lib/charsets.jar:/usr/lib/jvm/java-8-openjdk-amd64/jre/lib/ext/dnsns.jar:/usr/lib/jvm/java-8-openjdk-amd64/jre/lib/ext/sunec.jar:/usr/lib/jvm/java-8-openjdk-amd64/jre/lib/ext/sunpkcs11.jar:/usr/lib/jvm/java-8-openjdk-amd64/jre/lib/ext/nashorn.jar:/usr/lib/jvm/java-8-openjdk-amd64/jre/lib/ext/localedata.jar:/usr/lib/jvm/java-8-openjdk-amd64/jre/lib/ext/zipfs.jar:/usr/lib/jvm/java-8-openjdk-amd64/jre/lib/ext/jaccess.jar:/usr/lib/jvm/java-8-openjdk-amd64/jre/lib/ext/sunjce_provider.jar:/usr/lib/jvm/java-8-openjdk-amd64/jre/lib/ext/cldrdata.jar:/usr/lib/jvm/java-8-openjdk-amd64/jre/lib/ext/icedtea-sound.jar:/home/osvaldoairon/rea de Trabalho/apps4society-SpringBOOT/Apps4Society/target/classes:/home/osvaldoairon/.m2/repository/org/springframework/boot/spring-boot-starter-data-jpa/2.0.2.RELEASE/spring-boot-starter-data-jpa-2.0.2.RELEASE.jar:/home/osvaldoairon/.m2/repository/org/springframework/boot/spring-boot-starter/2.0.2.RELEASE/spring-boot-starter-2.0.2.RELEASE.jar:/home/osvaldoairon/.m2/repository/org/springframework/boot/spring-boot-starter-logging/2.0.2.RELEASE/spring-boot-starter-logging-2.0.2.RELEASE.jar:/home/osvaldoairon/.m2/repository/ch/qos/logback/logback-classic/1.2.3/logback-classic-1.2.3.jar:/home/osvaldoairon/.m2/repository/ch/qos/logback/logback-core/1.2.3/logback-core-1.2.3.jar:/home/osvaldoairon/.m2/repository/org/apache/logging/log4j/log4j-to-slf4j/2.10.0/log4j-to-slf4j-2.10.0.jar:/home/osvaldoairon/.m2/repository/org/apache/logging/log4j/log4j-api/2.10.0/log4j-api-2.10.0.jar:/home/osvaldoairon/.m2/repository/org/slf4j/jul-to-slf4j/1.7.25/jul-to-slf4j-1.7.25.jar:/home/osvaldoairon/.m2/repository/org/yaml/snakeyaml/1.19/snakeyaml-1.19.jar:/home/osvaldoairon/.m2/repository/org/sprin
Launcher Type: SUN_STANDARD

Environment Variables:
PATH=/home/osvaldoairon/bin:/home/osvaldoairon/.local/bin:/usr/local/sbin:/usr/local/bin:/usr/sbin:/usr/bin:/sbin:/bin:/usr/games:/usr/local/games:/snap/bin
SHELL=/bin/bash
DISPLAY=:0

Signal Handlers:
SIGSEGV: [libjvm.so+0xa71a30], sa_mask[0]=11111111011111111101111111111110, sa_flags=SA_RESTART|SA_SIGINFO
SIGBUS: [libjvm.so+0xa71a30], sa_mask[0]=11111111011111111101111111111110, sa_flags=SA_RESTART|SA_SIGINFO
SIGFPE: [libjvm.so+0x8b8f40], sa_mask[0]=11111111011111111101111111111110, sa_flags=SA_RESTART|SA_SIGINFO
SIGPIPE: [libjvm.so+0x8b8f40], sa_mask[0]=11111111011111111101111111111110, sa_flags=SA_RESTART|SA_SIGINFO
SIGXFSZ: [libjvm.so+0x8b8f40], sa_mask[0]=11111111011111111101111111111110, sa_flags=SA_RESTART|SA_SIGINFO
SIGILL: [libjvm.so+0x8b8f40], sa_mask[0]=11111111011111111101111111111110, sa_flags=SA_RESTART|SA_SIGINFO
SIGUSR1: SIG_DFL, sa_mask[0]=00000000000000000000000000000000, sa_flags=none
SIGUSR2: [libjvm.so+0x8b8df0], sa_mask[0]=00100000000000000000000000000000, sa_flags=SA_RESTART|SA_SIGINFO
SIGHUP: [libjvm.so+0x8b92c0], sa_mask[0]=11111111011111111101111111111110, sa_flags=SA_RESTART|SA_SIGINFO
SIGINT: [libjvm.so+0x8b92c0], sa_mask[0]=11111111011111111101111111111110, sa_flags=SA_RESTART|SA_SIGINFO
SIGTERM: [libjvm.so+0x8b92c0], sa_mask[0]=11111111011111111101111111111110, sa_flags=SA_RESTART|SA_SIGINFO
SIGQUIT: [libjvm.so+0x8b92c0], sa_mask[0]=11111111011111111101111111111110, sa_flags=SA_RESTART|SA_SIGINFO


---------------  S Y S T E M  ---------------

OS:DISTRIB_ID=Ubuntu
DISTRIB_RELEASE=16.04
DISTRIB_CODENAME=xenial
DISTRIB_DESCRIPTION="Ubuntu 16.04.5 LTS"

uname:Linux 4.15.0-30-generic #32~16.04.1-Ubuntu SMP Thu Jul 26 20:25:39 UTC 2018 x86_64
libc:glibc 2.23 NPTL 2.23 
rlimit: STACK 8192k, CORE 0k, NPROC 14925, NOFILE 1048576, AS infinity
load average:3,85 2,77 2,72

/proc/meminfo:
MemTotal:        3922224 kB
MemFree:          122416 kB
MemAvailable:     119148 kB
Buffers:            7804 kB
Cached:           306968 kB
SwapCached:       343804 kB
Active:          2949340 kB
Inactive:         616188 kB
Active(anon):    2829396 kB
Inactive(anon):   556160 kB
Active(file):     119944 kB
Inactive(file):    60028 kB
Unevictable:          96 kB
Mlocked:              96 kB
SwapTotal:       6836220 kB
SwapFree:        4623384 kB
Dirty:              2184 kB
Writeback:             0 kB
AnonPages:       3220112 kB
Mapped:           205152 kB
Shmem:            134768 kB
Slab:             100612 kB
SReclaimable:      50880 kB
SUnreclaim:        49732 kB
KernelStack:       14352 kB
PageTables:        55800 kB
NFS_Unstable:          0 kB
Bounce:                0 kB
WritebackTmp:          0 kB
CommitLimit:     8797332 kB
Committed_AS:   11206568 kB
VmallocTotal:   34359738367 kB
VmallocUsed:           0 kB
VmallocChunk:          0 kB
HardwareCorrupted:     0 kB
AnonHugePages:         0 kB
ShmemHugePages:        0 kB
ShmemPmdMapped:        0 kB
CmaTotal:              0 kB
CmaFree:               0 kB
HugePages_Total:       0
HugePages_Free:        0
HugePages_Rsvd:        0
HugePages_Surp:        0
Hugepagesize:       2048 kB
DirectMap4k:      470332 kB
DirectMap2M:     3606528 kB


CPU:total 4 (initial active 4) (4 cores per cpu, 1 threads per core) family 6 model 76 stepping 4, cmov, cx8, fxsr, mmx, sse, sse2, sse3, ssse3, sse4.1, sse4.2, popcnt, aes, clmul, erms, 3dnowpref, tsc, tscinvbit

/proc/cpuinfo:
processor	: 0
vendor_id	: GenuineIntel
cpu family	: 6
model		: 76
model name	: Intel(R) Celeron(R) CPU  N3160  @ 1.60GHz
stepping	: 4
microcode	: 0x40a
cpu MHz		: 2240.000
cache size	: 1024 KB
physical id	: 0
siblings	: 4
core id		: 0
cpu cores	: 4
apicid		: 0
initial apicid	: 0
fpu		: yes
fpu_exception	: yes
cpuid level	: 11
wp		: yes
flags		: fpu vme de pse tsc msr pae mce cx8 apic sep mtrr pge mca cmov pat pse36 clflush dts acpi mmx fxsr sse sse2 ss ht tm pbe syscall nx rdtscp lm constant_tsc arch_perfmon pebs bts rep_good nopl xtopology tsc_reliable nonstop_tsc cpuid aperfmperf tsc_known_freq pni pclmulqdq dtes64 monitor ds_cpl vmx est tm2 ssse3 cx16 xtpr pdcm sse4_1 sse4_2 movbe popcnt tsc_deadline_timer aes rdrand lahf_lm 3dnowprefetch epb pti tpr_shadow vnmi flexpriority ept vpid tsc_adjust smep erms dtherm ida arat
bugs		: cpu_meltdown spectre_v1 spectre_v2
bogomips	: 3200.00
clflush size	: 64
cache_alignment	: 64
address sizes	: 36 bits physical, 48 bits virtual
power management:

processor	: 1
vendor_id	: GenuineIntel
cpu family	: 6
model		: 76
model name	: Intel(R) Celeron(R) CPU  N3160  @ 1.60GHz
stepping	: 4
microcode	: 0x40a
cpu MHz		: 2240.001
cache size	: 1024 KB
physical id	: 0
siblings	: 4
core id		: 1
cpu cores	: 7
apicid		: 2
initial apicid	: 2
fpu		: yes
fpu_exception	: yes
cpuid level	: 11
wp		: yes
flags		: fpu vme de pse tsc msr pae mce cx8 apic sep mtrr pge mca cmov pat pse36 clflush dts acpi mmx fxsr sse sse2 ss ht tm pbe syscall nx rdtscp lm constant_tsc arch_perfmon pebs bts rep_good nopl xtopology tsc_reliable nonstop_tsc cpuid aperfmperf tsc_known_freq pni pclmulqdq dtes64 monitor ds_cpl vmx est tm2 ssse3 cx16 xtpr pdcm sse4_1 sse4_2 movbe popcnt tsc_deadline_timer aes rdrand lahf_lm 3dnowprefetch epb pti tpr_shadow vnmi flexpriority ept vpid tsc_adjust smep erms dtherm ida arat
bugs		: cpu_meltdown spectre_v1 spectre_v2
bogomips	: 3200.00
clflush size	: 64
cache_alignment	: 64
address sizes	: 36 bits physical, 48 bits virtual
power management:

processor	: 2
vendor_id	: GenuineIntel
cpu family	: 6
model		: 76
model name	: Intel(R) Celeron(R) CPU  N3160  @ 1.60GHz
stepping	: 4
microcode	: 0x40a
cpu MHz		: 2240.000
cache size	: 1024 KB
physical id	: 0
siblings	: 4
core id		: 2
cpu cores	: 6
apicid		: 4
initial apicid	: 4
fpu		: yes
fpu_exception	: yes
cpuid level	: 11
wp		: yes
flags		: fpu vme de pse tsc msr pae mce cx8 apic sep mtrr pge mca cmov pat pse36 clflush dts acpi mmx fxsr sse sse2 ss ht tm pbe syscall nx rdtscp lm constant_tsc arch_perfmon pebs bts rep_good nopl xtopology tsc_reliable nonstop_tsc cpuid aperfmperf tsc_known_freq pni pclmulqdq dtes64 monitor ds_cpl vmx est tm2 ssse3 cx16 xtpr pdcm sse4_1 sse4_2 movbe popcnt tsc_deadline_timer aes rdrand lahf_lm 3dnowprefetch epb pti tpr_shadow vnmi flexpriority ept vpid tsc_adjust smep erms dtherm ida arat
bugs		: cpu_meltdown spectre_v1 spectre_v2
bogomips	: 3200.00
clflush size	: 64
cache_alignment	: 64
address sizes	: 36 bits physical, 48 bits virtual
power management:

processor	: 3
vendor_id	: GenuineIntel
cpu family	: 6
model		: 76
model name	: Intel(R) Celeron(R) CPU  N3160  @ 1.60GHz
stepping	: 4
microcode	: 0x40a
cpu MHz		: 2240.062
cache size	: 1024 KB
physical id	: 0
siblings	: 4
core id		: 3
cpu cores	: 5
apicid		: 6
initial apicid	: 6
fpu		: yes
fpu_exception	: yes
cpuid level	: 11
wp		: yes
flags		: fpu vme de pse tsc msr pae mce cx8 apic sep mtrr pge mca cmov pat pse36 clflush dts acpi mmx fxsr sse sse2 ss ht tm pbe syscall nx rdtscp lm constant_tsc arch_perfmon pebs bts rep_good nopl xtopology tsc_reliable nonstop_tsc cpuid aperfmperf tsc_known_freq pni pclmulqdq dtes64 monitor ds_cpl vmx est tm2 ssse3 cx16 xtpr pdcm sse4_1 sse4_2 movbe popcnt tsc_deadline_timer aes rdrand lahf_lm 3dnowprefetch epb pti tpr_shadow vnmi flexpriority ept vpid tsc_adjust smep erms dtherm ida arat
bugs		: cpu_meltdown spectre_v1 spectre_v2
bogomips	: 3200.00
clflush size	: 64
cache_alignment	: 64
address sizes	: 36 bits physical, 48 bits virtual
power management:



Memory: 4k page, physical 3922224k(122416k free), swap 6836220k(4623384k free)

vm_info: OpenJDK 64-Bit Server VM (25.181-b13) for linux-amd64 JRE (1.8.0_181-8u181-b13-0ubuntu0.16.04.1-b13), built on Jul 30 2018 21:06:27 by "buildd" with gcc 5.4.0 20160609

time: Mon Aug 20 19:58:12 2018
elapsed time: 2894 seconds (0d 0h 48m 14s)

